2015-10-09 155017 : BuildEngine  
 Info : BuildEngine Task Initialized for application:EFGBGDEV
2015-10-09 155018 : BuildEngine  
 Info : VSS DB Downloaded
2015-10-09 155018 : BuildEngine  
 Info : GetLatestScript Created
2015-10-09 155018 : BuildEngine  
 Info : Getting Latest Code
2015-10-09 155018 : BuildEngine  
 Info : Preparing Build Environment 
2015-10-09 155018 : BuildEngine  
 Info : EFGBGDEV Creating Data Script
2015-10-09 155018 : BuildEngine  
 Info : EFGBGDEV Copying Source Code 
2015-10-09 155038 : BuildEngine  
 Info : EFGBGDEV Creating Version Info 
2015-10-09 155038 : BuildEngine  
 Info : EFGBGDEV Implant 
2015-10-09 155048 : BuildEngine  
 Info : Implant Library C:\Octapus\PB125\Temp\iapply\iapply.pbl 
2015-10-09 155051 : BuildEngine  
 Info : Implant Library C:\Octapus\PB125\Temp\iamain\iamain.pbl 
2015-10-09 155053 : BuildEngine  
 Info : Implant Library C:\Octapus\PB125\Temp\bgcommon1\bgcommon1.pbl 
2015-10-09 155053 : BuildEngine  
 Info : Implant Library C:\Octapus\PB125\Temp\bgcommon2\bgcommon2.pbl 
2015-10-09 155054 : BuildEngine  
 Info : Implant Library C:\Octapus\PB125\Temp\iacusearch\iacusearch.pbl 
2015-10-09 155054 : BuildEngine  
 Info : Implant Library C:\Octapus\PB125\Temp\bgkrnl0\bgkrnl0.pbl 
2015-10-09 155054 : BuildEngine  
 Info : Implant Library C:\Octapus\PB125\Temp\bgcbs\bgcbs.pbl 
2015-10-09 155054 : BuildEngine  
 Info : Implant Library C:\Octapus\PB125\Temp\bgall\bgall.pbl 
2015-10-09 155054 : BuildEngine  
 Info : Implant Library C:\Octapus\PB125\Temp\iaall\iaall.pbl 
2015-10-09 155055 : BuildEngine  
 Info : Implant Library C:\Octapus\PB125\Temp\bgbnb\bgbnb.pbl 
2015-10-09 155055 : BuildEngine  
 Info : Implant Library C:\Octapus\PB125\Temp\bgfolder\bgfolder.pbl 
2015-10-09 155055 : BuildEngine  
 Info : Implant Library C:\Octapus\PB125\Temp\bgcontracts\bgcontracts.pbl 
2015-10-09 155055 : BuildEngine  
 Info : Implant Library C:\Octapus\PB125\Temp\bgreports\bgreports.pbl 
2015-10-09 155055 : BuildEngine  
 Info : Implant Library C:\Octapus\PB125\Temp\bghl_rpt\bghl_rpt.pbl 
2015-10-09 155056 : BuildEngine  
 Info : Implant Library C:\Octapus\PB125\Temp\bgbl_rpt\bgbl_rpt.pbl 
2015-10-09 155056 : BuildEngine  
 Info : Implant Library C:\Octapus\PB125\Temp\bghl\bghl.pbl 
2015-10-09 155056 : BuildEngine  
 Info : Implant Library C:\Octapus\PB125\Temp\bgcl\bgcl.pbl 
2015-10-09 155056 : BuildEngine  
 Info : Implant Library C:\Octapus\PB125\Temp\bgbl\bgbl.pbl 
2015-10-09 155057 : BuildEngine  
 Info : Implant Library C:\Octapus\PB125\Temp\bgmo\bgmo.pbl 
2015-10-09 155057 : BuildEngine  
 Info : Implant Library C:\Octapus\PB125\Temp\bgin\bgin.pbl 
2015-10-09 155057 : BuildEngine  
 Info : Implant Library C:\Octapus\PB125\Temp\bgqc\bgqc.pbl 
2015-10-09 155057 : BuildEngine  
 Info : Implant Library C:\Octapus\PB125\Temp\bgcin\bgcin.pbl 
2015-10-09 155057 : BuildEngine  
 Info : Implant Library C:\Octapus\PB125\Temp\admmain\admmain.pbl 
2015-10-09 155057 : BuildEngine  
 Info : Implant Library C:\Octapus\PB125\Temp\bgadm\bgadm.pbl 
2015-10-09 155058 : BuildEngine  
 Info : Implant Library C:\Octapus\PB125\Temp\admflow\admflow.pbl 
2015-10-09 155058 : BuildEngine  
 Info : Implant Library C:\Octapus\PB125\Temp\admsectors\admsectors.pbl 
2015-10-09 155058 : BuildEngine  
 Info : Implant Library C:\Octapus\PB125\Temp\admprod\admprod.pbl 
2015-10-09 155058 : BuildEngine  
 Info : Implant Library C:\Octapus\PB125\Temp\admparams\admparams.pbl 
2015-10-09 155058 : BuildEngine  
 Info : Implant Library C:\Octapus\PB125\Temp\admsec\admsec.pbl 
2015-10-09 155058 : BuildEngine  
 Info : Implant Library C:\Octapus\PB125\Temp\admscore\admscore.pbl 
2015-10-09 155059 : BuildEngine  
 Info : Implant Library C:\Octapus\PB125\Temp\admcontrols\admcontrols.pbl 
2015-10-09 155059 : BuildEngine  
 Info : Implant Library C:\Octapus\PB125\Temp\admextractions\admextractions.pbl 
2015-10-09 155059 : BuildEngine  
 Info : Implant Library C:\Octapus\PB125\Temp\admmisc\admmisc.pbl 
2015-10-09 155059 : BuildEngine  
 Info : Implant Library C:\Octapus\PB125\Temp\ialic\ialic.pbl 
2015-10-09 155059 : BuildEngine  
 Info : Implant Library C:\Octapus\PB125\Temp\iakrnl0\iakrnl0.pbl 
2015-10-09 155100 : BuildEngine  
 Info : Implant Library C:\Octapus\PB125\Temp\iakrnl1\iakrnl1.pbl 
2015-10-09 155100 : BuildEngine  
 Info : Implant Library C:\Octapus\PB125\Temp\iakrnl2\iakrnl2.pbl 
2015-10-09 155100 : BuildEngine  
 Info : Implant Library C:\Octapus\PB125\Temp\iakrnl3\iakrnl3.pbl 
2015-10-09 155100 : BuildEngine  
 Info : Implant Library C:\Octapus\PB125\Temp\pbvservice\pbvservice.pbl 
2015-10-09 155100 : BuildEngine  
 Info : Implant Library C:\Octapus\PB125\Temp\bgeas\bgeas.pbl 
2015-10-09 155100 : BuildEngine  
 Info : Implant Library C:\Octapus\PB125\Temp\bgeas\bgautoforward.pbl 
2015-10-09 155101 : BuildEngine  
 Info : Implant Library C:\Octapus\PB125\Temp\bgeas\bgeasbnb_nssi.pbl 
2015-10-09 155101 : BuildEngine  
 Info : Implant Library C:\Octapus\PB125\Temp\pbdom125\pbdom125.pbd 
2015-10-09 155101 : BuildEngine  
 Info : Implant Library C:\Octapus\PB125\Temp\pbdwr125\pbdwr125.pbd 
2015-10-09 155101 : BuildEngine  
 Info : Implant Library C:\Octapus\PB125\Temp\pbsoapclient125\pbsoapclient125.pbd 
2015-10-09 155101 : BuildEngine  
 Info : Implant Library C:\Octapus\PB125\Temp\bgeas\pbdom125.pbd 
2015-10-09 155113 : BuildEngine  
 Info : Creating OrcaScript
2015-10-09 155113 : BuildEngine  
 Info : Build Application Started 
2015-10-09 155634 : BuildEngine  
 Info : Build Application Failed
2015-10-09 155634 : BuildEngine  
 Info : Packaging
2015-10-09 155646 : BuildEngine  
 Info : GetParameters
2015-10-09 155646 : BuildEngine  
 Info : Verifying Version Information
2015-10-09 155646 : BuildEngine  
 Info : VerifyVersion: 
2015-10-09 155647 : BuildEngine  
 Info : Version Verification of Library dw2xlsdemo_pb1052_7826.pbd 
2015-10-09 155647 : BuildEngine  
 Info : Version Verification of Library pbdom125.pbd 
2015-10-09 155647 : BuildEngine  
 Info : Version Verification of Library PBDWR125.PBD 
2015-10-09 155647 : BuildEngine  
 Info : Version Verification of Library pbsoapclient125.pbd 
